2016-02-23 12:45:34 2700 [Note] Plugin 'FEDERATED' is disabled.
2016-02-23 12:45:34 2700 [Note] InnoDB: Using atomics to ref count buffer pool pages
2016-02-23 12:45:34 2700 [Note] InnoDB: The InnoDB memory heap is disabled
2016-02-23 12:45:34 2700 [Note] InnoDB: Mutexes and rw_locks use Windows interlocked functions
2016-02-23 12:45:34 2700 [Note] InnoDB: Compressed tables use zlib 1.2.3
2016-02-23 12:45:34 2700 [Note] InnoDB: Not using CPU crc32 instructions
2016-02-23 12:45:34 2700 [Note] InnoDB: Initializing buffer pool, size = 128.0M
2016-02-23 12:45:34 2700 [Note] InnoDB: Completed initialization of buffer pool
2016-02-23 12:45:34 2700 [Note] InnoDB: Highest supported file format is Barracuda.
2016-02-23 12:45:34 2700 [Note] InnoDB: 128 rollback segment(s) are active.
2016-02-23 12:45:34 2700 [Note] InnoDB: Waiting for purge to start
2016-02-23 12:45:34 2700 [Note] InnoDB: 5.6.17 started; log sequence number 1625977
2016-02-23 12:45:34 2700 [Warning] No existing UUID has been found, so we assume that this is the first time that this server has been started. Generating a new UUID: f2ecf514-da22-11e5-9bf5-e82aea232ce1.
2016-02-23 12:45:34 2700 [Note] Server hostname (bind-address): '*'; port: 3306
2016-02-23 12:45:34 2700 [Note] IPv6 is available.
2016-02-23 12:45:34 2700 [Note]   - '::' resolves to '::';
2016-02-23 12:45:34 2700 [Note] Server socket created on IP: '::'.
2016-02-23 12:45:34 2700 [Note] Event Scheduler: Loaded 0 events
2016-02-23 12:45:34 2700 [Note] wampmysqld64: ready for connections.
Version: '5.6.17'  socket: ''  port: 3306  MySQL Community Server (GPL)
